#
# There is insufficient memory for the Java Runtime Environment to continue.
# Native memory allocation (mmap) failed to map 132120576 bytes for Failed to commit area from 0x0000000083400000 to 0x000000008b200000 of length 132120576.
# Possible reasons:
#   The system is out of physical RAM or swap space
#   The process is running with CompressedOops enabled, and the Java Heap may be blocking the growth of the native heap
# Possible solutions:
#   Reduce memory load on the system
#   Increase physical memory or swap space
#   Check if swap backing store is full
#   Decrease Java heap size (-Xmx/-Xms)
#   Decrease number of Java threads
#   Decrease Java thread stack sizes (-Xss)
#   Set larger code cache with -XX:ReservedCodeCacheSize=
# This output file may be truncated or incomplete.
#
#  Out of Memory Error (t:/workspace/open/src/hotspot/os/windows/os_windows.cpp:3301), pid=20488, tid=23032
#
# JRE version:  (13.0.1+9) (build )
# Java VM: Java HotSpot(TM) 64-Bit Server VM (13.0.1+9, mixed mode, aot, sharing, tiered, compressed oops, g1 gc, windows-amd64)
# No core dump will be written. Minidumps are not enabled by default on client versions of Windows
#

---------------  S U M M A R Y ------------

Command Line: -Dfile.encoding=Cp1252 --module-path=C:\Users\juren\eclipse-workspace\gui\bin -Djdk.module.main=gui gui/Demo.GuiDemo

Host: Intel(R) Core(TM) i5-10210U CPU @ 1.60GHz, 8 cores, 7G,  Windows 10 , 64 bit Build 18362 (10.0.18362.329)
Time: Fri Jan 10 12:25:12 2020 India Standard Time elapsed time: 0 seconds (0d 0h 0m 0s)

---------------  T H R E A D  ---------------

Current thread (0x000002d94b1e9800):  JavaThread "Unknown thread" [_thread_in_vm, id=23032, stack(0x000000f3eae00000,0x000000f3eaf00000)]

Stack: [0x000000f3eae00000,0x000000f3eaf00000]
Native frames: (J=compiled Java code, j=interpreted, Vv=VM code, C=native code)
V  [jvm.dll+0x626eca]
V  [jvm.dll+0x772c6a]
V  [jvm.dll+0x77441f]
V  [jvm.dll+0x774a23]
V  [jvm.dll+0x24da58]
V  [jvm.dll+0x62438a]
V  [jvm.dll+0x618f75]
V  [jvm.dll+0x30c61c]
V  [jvm.dll+0x30c452]
V  [jvm.dll+0x311bc6]
V  [jvm.dll+0x355ce6]
V  [jvm.dll+0x3554c0]
V  [jvm.dll+0x2e729a]
V  [jvm.dll+0x2e8532]
V  [jvm.dll+0x74fcd8]
V  [jvm.dll+0x363739]
V  [jvm.dll+0x732dc5]
V  [jvm.dll+0x3ce2ef]
V  [jvm.dll+0x3d0611]
C  [jli.dll+0x51ff]
C  [ucrtbase.dll+0x20e72]
C  [KERNEL32.DLL+0x17bd4]
C  [ntdll.dll+0x6ced1]


---------------  P R O C E S S  ---------------

Threads class SMR info:
_java_thread_list=0x00007ff84e5b46b8, length=0, elements={
}

Java Threads: ( => current thread )

Other Threads:
  0x000002d94b22e000 GCTaskThread "GC Thread#0" [stack: 0x000000f3eaf00000,0x000000f3eb000000] [id=22736]
  0x000002d94b241000 ConcurrentGCThread "G1 Main Marker" [stack: 0x000000f3eb000000,0x000000f3eb100000] [id=21944]
  0x000002d94b242800 ConcurrentGCThread "G1 Conc#0" [stack: 0x000000f3eb100000,0x000000f3eb200000] [id=10764]

[error occurred during error reporting (printing all threads), id 0xc0000005, EXCEPTION_ACCESS_VIOLATION (0xc0000005) at pc=0x00007ff84dde6f67]

VM state:not at safepoint (not fully initialized)

VM Mutex/Monitor currently owned by a thread:  ([mutex/lock_event])
[0x000002d94b1e62d0] Heap_lock - owner thread: 0x000002d94b1e9800

Heap address: 0x0000000083400000, size: 1996 MB, Compressed Oops mode: Non-zero based: 0x0000000083400000
Narrow klass base: 0x0000000000000000, Narrow klass shift: 0

GC Heap History (0 events):
No events

Deoptimization events (0 events):
No events

Classes unloaded (0 events):
No events

Classes redefined (0 events):
No events

Internal exceptions (0 events):
No events

Events (8 events):
Event: 0.006 Loaded shared library C:\Program Files\Java\jdk-13.0.1\bin\zip.dll
Event: 0.006 Loaded shared library C:\Program Files\Java\jdk-13.0.1\bin\jimage.dll
Event: 0.007 Loading shared library C:\Program Files\Java\jdk-13.0.1\lib\libjava.base-coop.dll failed, error code 126
Event: 0.007 Loading shared library C:\Program Files\Java\jdk-13.0.1\lib\libjava.logging-coop.dll failed, error code 126
Event: 0.007 Loading shared library C:\Program Files\Java\jdk-13.0.1\lib\libjdk.compiler-coop.dll failed, error code 126
Event: 0.007 Loading shared library C:\Program Files\Java\jdk-13.0.1\lib\libjdk.scripting.nashorn-coop.dll failed, error code 126
Event: 0.007 Loading shared library C:\Program Files\Java\jdk-13.0.1\lib\libjdk.internal.vm.ci-coop.dll failed, error code 126
Event: 0.007 Loading shared library C:\Program Files\Java\jdk-13.0.1\lib\libjdk.internal.vm.compiler-coop.dll failed, error code 126


Dynamic libraries:
0x00007ff79c660000 - 0x00007ff79c66f000 	C:\Program Files\Java\jdk-13.0.1\bin\javaw.exe
0x00007ff8a7300000 - 0x00007ff8a74f0000 	C:\windows\SYSTEM32\ntdll.dll
0x00007ff8a7010000 - 0x00007ff8a70c2000 	C:\windows\System32\KERNEL32.DLL
0x00007ff8a4290000 - 0x00007ff8a4533000 	C:\windows\System32\KERNELBASE.dll
0x00007ff8a4950000 - 0x00007ff8a4a4a000 	C:\windows\System32\ucrtbase.dll
0x00007ff89c230000 - 0x00007ff89c248000 	C:\Program Files\Java\jdk-13.0.1\bin\jli.dll
0x00007ff89d300000 - 0x00007ff89d315000 	C:\Program Files\Java\jdk-13.0.1\bin\VCRUNTIME140.dll
0x00007ff8a56a0000 - 0x00007ff8a5743000 	C:\windows\System32\ADVAPI32.dll
0x00007ff8a53b0000 - 0x00007ff8a544e000 	C:\windows\System32\msvcrt.dll
0x00007ff8a6380000 - 0x00007ff8a6417000 	C:\windows\System32\sechost.dll
0x00007ff8a61e0000 - 0x00007ff8a6300000 	C:\windows\System32\RPCRT4.dll
0x00007ff8a54d0000 - 0x00007ff8a5664000 	C:\windows\System32\USER32.dll
0x00007ff8a5380000 - 0x00007ff8a53a1000 	C:\windows\System32\win32u.dll
0x00007ff8a70d0000 - 0x00007ff8a70f6000 	C:\windows\System32\GDI32.dll
0x00007ff888ac0000 - 0x00007ff888d45000 	C:\windows\WinSxS\amd64_microsoft.windows.common-controls_6595b64144ccf1df_6.0.18362.535_none_e6c3b34713100821\COMCTL32.dll
0x00007ff8a4680000 - 0x00007ff8a4814000 	C:\windows\System32\gdi32full.dll
0x00007ff8a6b80000 - 0x00007ff8a6eb6000 	C:\windows\System32\combase.dll
0x00007ff8a45e0000 - 0x00007ff8a467e000 	C:\windows\System32\msvcp_win.dll
0x00007ff8a4540000 - 0x00007ff8a45c0000 	C:\windows\System32\bcryptPrimitives.dll
0x00007ff899ca0000 - 0x00007ff899caa000 	C:\windows\SYSTEM32\VERSION.dll
0x00007ff8a5670000 - 0x00007ff8a569e000 	C:\windows\System32\IMM32.DLL
0x00007ff8748c0000 - 0x00007ff87495b000 	C:\Program Files\Java\jdk-13.0.1\bin\msvcp140.dll
0x00007ff84daf0000 - 0x00007ff84e656000 	C:\Program Files\Java\jdk-13.0.1\bin\server\jvm.dll
0x00007ff8a7100000 - 0x00007ff8a7108000 	C:\windows\System32\PSAPI.DLL
0x00007ff89eb80000 - 0x00007ff89eba4000 	C:\windows\SYSTEM32\WINMM.dll
0x00007ff88e0c0000 - 0x00007ff88e0c9000 	C:\windows\SYSTEM32\WSOCK32.dll
0x00007ff8a5dd0000 - 0x00007ff8a5e3f000 	C:\windows\System32\WS2_32.dll
0x00007ff89e7e0000 - 0x00007ff89e80d000 	C:\windows\SYSTEM32\winmmbase.dll
0x00007ff8a4820000 - 0x00007ff8a486a000 	C:\windows\System32\cfgmgr32.dll
0x00007ff8a4200000 - 0x00007ff8a4211000 	C:\windows\System32\kernel.appcore.dll
0x00007ff89bf60000 - 0x00007ff89bf70000 	C:\Program Files\Java\jdk-13.0.1\bin\verify.dll
0x00007ff89faa0000 - 0x00007ff89fc94000 	C:\windows\SYSTEM32\DBGHELP.DLL
0x00007ff886e40000 - 0x00007ff886e6a000 	C:\windows\SYSTEM32\dbgcore.DLL
0x00007ff88db30000 - 0x00007ff88db56000 	C:\Program Files\Java\jdk-13.0.1\bin\java.dll
0x00007ff89a100000 - 0x00007ff89a117000 	C:\Program Files\Java\jdk-13.0.1\bin\zip.dll
0x00007ff89bf50000 - 0x00007ff89bf5a000 	C:\Program Files\Java\jdk-13.0.1\bin\jimage.dll

dbghelp: loaded successfully - version: 4.0.5 - missing functions: none
symbol engine: initialized successfully - sym options: 0x614 - pdb path: .;C:\Program Files\Java\jdk-13.0.1\bin;C:\windows\SYSTEM32;C:\windows\WinSxS\amd64_microsoft.windows.common-controls_6595b64144ccf1df_6.0.18362.535_none_e6c3b34713100821;C:\Program Files\Java\jdk-13.0.1\bin\server

VM Arguments:
jvm_args: -Dfile.encoding=Cp1252 --module-path=C:\Users\juren\eclipse-workspace\gui\bin -Djdk.module.main=gui 
java_command: gui/Demo.GuiDemo
java_class_path (initial): <not set>
Launcher Type: SUN_STANDARD

[Global flags]
     intx CICompilerCount                          = 4                                         {product} {ergonomic}
     uint ConcGCThreads                            = 2                                         {product} {ergonomic}
     uint G1ConcRefinementThreads                  = 8                                         {product} {ergonomic}
   size_t G1HeapRegionSize                         = 1048576                                   {product} {ergonomic}
    uintx GCDrainStackTargetSize                   = 64                                        {product} {ergonomic}
   size_t InitialHeapSize                          = 132120576                                 {product} {ergonomic}
   size_t MarkStackSize                            = 4194304                                   {product} {ergonomic}
   size_t MaxHeapSize                              = 2092957696                                {product} {ergonomic}
   size_t MinHeapDeltaBytes                        = 1048576                                   {product} {ergonomic}
   size_t MinHeapSize                              = 8388608                                   {product} {ergonomic}
    uintx NonNMethodCodeHeapSize                   = 5836300                                {pd product} {ergonomic}
    uintx NonProfiledCodeHeapSize                  = 122910970                              {pd product} {ergonomic}
    uintx ProfiledCodeHeapSize                     = 122910970                              {pd product} {ergonomic}
    uintx ReservedCodeCacheSize                    = 251658240                              {pd product} {ergonomic}
     bool SegmentedCodeCache                       = true                                      {product} {ergonomic}
   size_t SoftMaxHeapSize                          = 2092957696                             {manageable} {ergonomic}
     bool UseCompressedClassPointers               = true                                 {lp64_product} {ergonomic}
     bool UseCompressedOops                        = true                                 {lp64_product} {ergonomic}
     bool UseG1GC                                  = true                                      {product} {ergonomic}
     bool UseLargePagesIndividualAllocation        = false                                  {pd product} {ergonomic}

Logging:
Log output configuration:
 #0: stdout all=warning uptime,level,tags
 #1: stderr all=off uptime,level,tags

Environment Variables:
PATH=C:/Program Files/Java/jdk-13.0.1/bin/server;C:/Program Files/Java/jdk-13.0.1/bin;C:\windows\system32;C:\windows;C:\windows\System32\Wbem;C:\windows\System32\WindowsPowerShell\v1.0\;C:\windows\System32\OpenSSH\;C:\Users\juren\AppData\Local\Microsoft\WindowsApps;;C:\Users\juren\OneDrive\Desktop;
USERNAME=juren
OS=Windows_NT
PROCESSOR_IDENTIFIER=Intel64 Family 6 Model 142 Stepping 12, GenuineIntel



---------------  S Y S T E M  ---------------

OS: Windows 10 , 64 bit Build 18362 (10.0.18362.329)

CPU:total 8 (initial active 8) (4 cores per cpu, 2 threads per core) family 6 model 142 stepping 12, cmov, cx8, fxsr, mmx, sse, sse2, sse3, ssse3, sse4.1, sse4.2, popcnt, avx, avx2, aes, clmul, erms, 3dnowpref, lzcnt, ht, tsc, tscinvbit, bmi1, bmi2, adx, fma

Memory: 4k page, system-wide physical 7979M (1654M free)
TotalPageFile size 21769M (AvailPageFile size 51M)
current process WorkingSet (physical memory assigned to process): 10M, peak: 10M
current process commit charge ("private bytes"): 60M, peak: 186M

vm_info: Java HotSpot(TM) 64-Bit Server VM (13.0.1+9) for windows-amd64 JRE (13.0.1+9), built on Oct  6 2019 12:37:49 by "mach5one" with unknown MS VC++:1916

END.
